<?xml version="1.0" encoding="UTF-8"?>
<!-- Generated by org.testng.reporters.JUnitXMLReporter -->
<testsuite hostname="DESKTOP-CTRJ7QU" ignored="28" name="chromeTest" tests="8" failures="0" timestamp="2022-03-16T14:15:05 IST" time="235.379" errors="0">
  <testcase name="createOrgWithIndusAndTypeTest" time="20.269" classname="com.crm.autodesk.organizationTest.CreateOrganizationWithIndustryAndTypeTest"/>
  <testcase name="searchProductByProductNameTest" time="19.828" classname="com.crm.autodesk.productsTest.SearchProductByProductNameTest"/>
  <testcase name="createCampWithProductTest" time="24.427" classname="com.crm.autodesk.campaignTest.CreateCampaignWithProductTest"/>
  <testcase name="createProductTest" time="11.729" classname="com.crm.autodesk.productsTest.CreateProductTest"/>
  <testcase name="createContactTest" time="12.79" classname="com.crm.autodesk.contactTest.CreateContactTest"/>
  <testcase name="createContWithOrgTest" time="30.126" classname="com.crm.autodesk.contactTest.CreateContactWithOrganizationTest"/>
  <testcase name="createOrganizationTest" time="12.198" classname="com.crm.autodesk.organizationTest.CreateOrganizationTest"/>
  <testcase name="searchProductByProductNoTest" time="19.022" classname="com.crm.autodesk.productsTest.SearchProductByProductNo"/>
  <testcase name="@AfterSuite afterSuite" time="0.0" classname="com.crm.audodeskgenericutility.BaseClass">
    <ignored/>
  </testcase> <!-- @AfterSuite afterSuite -->
  <testcase name="@AfterSuite afterSuite" time="0.0" classname="com.crm.audodeskgenericutility.BaseClass">
    <ignored/>
  </testcase> <!-- @AfterSuite afterSuite -->
  <testcase name="@AfterSuite afterSuite" time="0.0" classname="com.crm.audodeskgenericutility.BaseClass">
    <ignored/>
  </testcase> <!-- @AfterSuite afterSuite -->
  <testcase name="@AfterSuite afterSuite" time="0.0" classname="com.crm.audodeskgenericutility.BaseClass">
    <ignored/>
  </testcase> <!-- @AfterSuite afterSuite -->
  <testcase name="@AfterSuite afterSuite" time="0.0" classname="com.crm.audodeskgenericutility.BaseClass">
    <ignored/>
  </testcase> <!-- @AfterSuite afterSuite -->
  <testcase name="@AfterSuite afterSuite" time="0.0" classname="com.crm.audodeskgenericutility.BaseClass">
    <ignored/>
  </testcase> <!-- @AfterSuite afterSuite -->
  <testcase name="@AfterSuite afterSuite" time="0.0" classname="com.crm.audodeskgenericutility.BaseClass">
    <ignored/>
  </testcase> <!-- @AfterSuite afterSuite -->
  <testcase name="@BeforeSuite beforeSuite" time="0.0" classname="com.crm.audodeskgenericutility.BaseClass">
    <ignored/>
  </testcase> <!-- @BeforeSuite beforeSuite -->
  <testcase name="@BeforeSuite beforeSuite" time="0.0" classname="com.crm.audodeskgenericutility.BaseClass">
    <ignored/>
  </testcase> <!-- @BeforeSuite beforeSuite -->
  <testcase name="@BeforeSuite beforeSuite" time="0.0" classname="com.crm.audodeskgenericutility.BaseClass">
    <ignored/>
  </testcase> <!-- @BeforeSuite beforeSuite -->
  <testcase name="@BeforeSuite beforeSuite" time="0.0" classname="com.crm.audodeskgenericutility.BaseClass">
    <ignored/>
  </testcase> <!-- @BeforeSuite beforeSuite -->
  <testcase name="@BeforeSuite beforeSuite" time="0.0" classname="com.crm.audodeskgenericutility.BaseClass">
    <ignored/>
  </testcase> <!-- @BeforeSuite beforeSuite -->
  <testcase name="@BeforeSuite beforeSuite" time="0.0" classname="com.crm.audodeskgenericutility.BaseClass">
    <ignored/>
  </testcase> <!-- @BeforeSuite beforeSuite -->
  <testcase name="@BeforeSuite beforeSuite" time="0.0" classname="com.crm.audodeskgenericutility.BaseClass">
    <ignored/>
  </testcase> <!-- @BeforeSuite beforeSuite -->
  <testcase name="@BeforeTest beforeTest" time="0.0" classname="com.crm.audodeskgenericutility.BaseClass">
    <ignored/>
  </testcase> <!-- @BeforeTest beforeTest -->
  <testcase name="@BeforeTest beforeTest" time="0.0" classname="com.crm.audodeskgenericutility.BaseClass">
    <ignored/>
  </testcase> <!-- @BeforeTest beforeTest -->
  <testcase name="@BeforeTest beforeTest" time="0.0" classname="com.crm.audodeskgenericutility.BaseClass">
    <ignored/>
  </testcase> <!-- @BeforeTest beforeTest -->
  <testcase name="@BeforeTest beforeTest" time="0.0" classname="com.crm.audodeskgenericutility.BaseClass">
    <ignored/>
  </testcase> <!-- @BeforeTest beforeTest -->
  <testcase name="@BeforeTest beforeTest" time="0.0" classname="com.crm.audodeskgenericutility.BaseClass">
    <ignored/>
  </testcase> <!-- @BeforeTest beforeTest -->
  <testcase name="@BeforeTest beforeTest" time="0.0" classname="com.crm.audodeskgenericutility.BaseClass">
    <ignored/>
  </testcase> <!-- @BeforeTest beforeTest -->
  <testcase name="@BeforeTest beforeTest" time="0.0" classname="com.crm.audodeskgenericutility.BaseClass">
    <ignored/>
  </testcase> <!-- @BeforeTest beforeTest -->
  <testcase name="@AfterTest afterTest" time="0.0" classname="com.crm.audodeskgenericutility.BaseClass">
    <ignored/>
  </testcase> <!-- @AfterTest afterTest -->
  <testcase name="@AfterTest afterTest" time="0.0" classname="com.crm.audodeskgenericutility.BaseClass">
    <ignored/>
  </testcase> <!-- @AfterTest afterTest -->
  <testcase name="@AfterTest afterTest" time="0.0" classname="com.crm.audodeskgenericutility.BaseClass">
    <ignored/>
  </testcase> <!-- @AfterTest afterTest -->
  <testcase name="@AfterTest afterTest" time="0.0" classname="com.crm.audodeskgenericutility.BaseClass">
    <ignored/>
  </testcase> <!-- @AfterTest afterTest -->
  <testcase name="@AfterTest afterTest" time="0.0" classname="com.crm.audodeskgenericutility.BaseClass">
    <ignored/>
  </testcase> <!-- @AfterTest afterTest -->
  <testcase name="@AfterTest afterTest" time="0.0" classname="com.crm.audodeskgenericutility.BaseClass">
    <ignored/>
  </testcase> <!-- @AfterTest afterTest -->
  <testcase name="@AfterTest afterTest" time="0.0" classname="com.crm.audodeskgenericutility.BaseClass">
    <ignored/>
  </testcase> <!-- @AfterTest afterTest -->
</testsuite> <!-- chromeTest -->
