<?xml version="1.0" encoding="UTF-8"?>
<!-- Generated by org.testng.reporters.JUnitXMLReporter -->
<testsuite hostname="DESKTOP-CTRJ7QU" ignored="28" name="fireFoxTest" tests="8" failures="0" timestamp="2022-03-16T14:15:26 IST" time="256.1" errors="0">
  <testcase name="createOrgWithIndusAndTypeTest" time="18.135" classname="com.crm.autodesk.organizationTest.CreateOrganizationWithIndustryAndTypeTest"/>
  <testcase name="searchProductByProductNameTest" time="17.89" classname="com.crm.autodesk.productsTest.SearchProductByProductNameTest"/>
  <testcase name="createCampWithProductTest" time="23.059" classname="com.crm.autodesk.campaignTest.CreateCampaignWithProductTest"/>
  <testcase name="createProductTest" time="11.171" classname="com.crm.autodesk.productsTest.CreateProductTest"/>
  <testcase name="createContactTest" time="14.19" classname="com.crm.autodesk.contactTest.CreateContactTest"/>
  <testcase name="createContWithOrgTest" time="30.497" classname="com.crm.autodesk.contactTest.CreateContactWithOrganizationTest"/>
  <testcase name="createOrganizationTest" time="14.725" classname="com.crm.autodesk.organizationTest.CreateOrganizationTest"/>
  <testcase name="searchProductByProductNoTest" time="19.858" classname="com.crm.autodesk.productsTest.SearchProductByProductNo"/>
  <testcase name="@AfterSuite afterSuite" time="0.0" classname="com.crm.audodeskgenericutility.BaseClass">
    <ignored/>
  </testcase> <!-- @AfterSuite afterSuite -->
  <testcase name="@AfterSuite afterSuite" time="0.0" classname="com.crm.audodeskgenericutility.BaseClass">
    <ignored/>
  </testcase> <!-- @AfterSuite afterSuite -->
  <testcase name="@AfterSuite afterSuite" time="0.0" classname="com.crm.audodeskgenericutility.BaseClass">
    <ignored/>
  </testcase> <!-- @AfterSuite afterSuite -->
  <testcase name="@AfterSuite afterSuite" time="0.0" classname="com.crm.audodeskgenericutility.BaseClass">
    <ignored/>
  </testcase> <!-- @AfterSuite afterSuite -->
  <testcase name="@AfterSuite afterSuite" time="0.0" classname="com.crm.audodeskgenericutility.BaseClass">
    <ignored/>
  </testcase> <!-- @AfterSuite afterSuite -->
  <testcase name="@AfterSuite afterSuite" time="0.0" classname="com.crm.audodeskgenericutility.BaseClass">
    <ignored/>
  </testcase> <!-- @AfterSuite afterSuite -->
  <testcase name="@AfterSuite afterSuite" time="0.0" classname="com.crm.audodeskgenericutility.BaseClass">
    <ignored/>
  </testcase> <!-- @AfterSuite afterSuite -->
  <testcase name="@BeforeSuite beforeSuite" time="0.0" classname="com.crm.audodeskgenericutility.BaseClass">
    <ignored/>
  </testcase> <!-- @BeforeSuite beforeSuite -->
  <testcase name="@BeforeSuite beforeSuite" time="0.0" classname="com.crm.audodeskgenericutility.BaseClass">
    <ignored/>
  </testcase> <!-- @BeforeSuite beforeSuite -->
  <testcase name="@BeforeSuite beforeSuite" time="0.0" classname="com.crm.audodeskgenericutility.BaseClass">
    <ignored/>
  </testcase> <!-- @BeforeSuite beforeSuite -->
  <testcase name="@BeforeSuite beforeSuite" time="0.0" classname="com.crm.audodeskgenericutility.BaseClass">
    <ignored/>
  </testcase> <!-- @BeforeSuite beforeSuite -->
  <testcase name="@BeforeSuite beforeSuite" time="0.0" classname="com.crm.audodeskgenericutility.BaseClass">
    <ignored/>
  </testcase> <!-- @BeforeSuite beforeSuite -->
  <testcase name="@BeforeSuite beforeSuite" time="0.0" classname="com.crm.audodeskgenericutility.BaseClass">
    <ignored/>
  </testcase> <!-- @BeforeSuite beforeSuite -->
  <testcase name="@BeforeSuite beforeSuite" time="0.0" classname="com.crm.audodeskgenericutility.BaseClass">
    <ignored/>
  </testcase> <!-- @BeforeSuite beforeSuite -->
  <testcase name="@BeforeTest beforeTest" time="0.0" classname="com.crm.audodeskgenericutility.BaseClass">
    <ignored/>
  </testcase> <!-- @BeforeTest beforeTest -->
  <testcase name="@BeforeTest beforeTest" time="0.0" classname="com.crm.audodeskgenericutility.BaseClass">
    <ignored/>
  </testcase> <!-- @BeforeTest beforeTest -->
  <testcase name="@BeforeTest beforeTest" time="0.0" classname="com.crm.audodeskgenericutility.BaseClass">
    <ignored/>
  </testcase> <!-- @BeforeTest beforeTest -->
  <testcase name="@BeforeTest beforeTest" time="0.0" classname="com.crm.audodeskgenericutility.BaseClass">
    <ignored/>
  </testcase> <!-- @BeforeTest beforeTest -->
  <testcase name="@BeforeTest beforeTest" time="0.0" classname="com.crm.audodeskgenericutility.BaseClass">
    <ignored/>
  </testcase> <!-- @BeforeTest beforeTest -->
  <testcase name="@BeforeTest beforeTest" time="0.0" classname="com.crm.audodeskgenericutility.BaseClass">
    <ignored/>
  </testcase> <!-- @BeforeTest beforeTest -->
  <testcase name="@BeforeTest beforeTest" time="0.0" classname="com.crm.audodeskgenericutility.BaseClass">
    <ignored/>
  </testcase> <!-- @BeforeTest beforeTest -->
  <testcase name="@AfterTest afterTest" time="0.0" classname="com.crm.audodeskgenericutility.BaseClass">
    <ignored/>
  </testcase> <!-- @AfterTest afterTest -->
  <testcase name="@AfterTest afterTest" time="0.0" classname="com.crm.audodeskgenericutility.BaseClass">
    <ignored/>
  </testcase> <!-- @AfterTest afterTest -->
  <testcase name="@AfterTest afterTest" time="0.0" classname="com.crm.audodeskgenericutility.BaseClass">
    <ignored/>
  </testcase> <!-- @AfterTest afterTest -->
  <testcase name="@AfterTest afterTest" time="0.0" classname="com.crm.audodeskgenericutility.BaseClass">
    <ignored/>
  </testcase> <!-- @AfterTest afterTest -->
  <testcase name="@AfterTest afterTest" time="0.0" classname="com.crm.audodeskgenericutility.BaseClass">
    <ignored/>
  </testcase> <!-- @AfterTest afterTest -->
  <testcase name="@AfterTest afterTest" time="0.0" classname="com.crm.audodeskgenericutility.BaseClass">
    <ignored/>
  </testcase> <!-- @AfterTest afterTest -->
  <testcase name="@AfterTest afterTest" time="0.0" classname="com.crm.audodeskgenericutility.BaseClass">
    <ignored/>
  </testcase> <!-- @AfterTest afterTest -->
</testsuite> <!-- fireFoxTest -->
