<?xml version="1.0" encoding="UTF-8"?>
<!-- Generated by org.testng.reporters.JUnitXMLReporter -->
<testsuite hostname="DESKTOP-CTRJ7QU" ignored="4" name="Test runner-4" tests="2" failures="0" timestamp="2022-03-16T12:53:33 IST" time="109.782" errors="0">
  <testcase name="createOrganizationTest" time="28.701" classname="com.crm.autodesk.organizationTest.CreateOrganizationTest"/>
  <testcase name="searchProductByProductNoTest" time="29.639" classname="com.crm.autodesk.productsTest.SearchProductByProductNo"/>
  <testcase name="@AfterTest afterTest" time="0.0" classname="com.crm.audodeskgenericutility.BaseClass">
    <ignored/>
  </testcase> <!-- @AfterTest afterTest -->
  <testcase name="@BeforeSuite beforeSuite" time="0.0" classname="com.crm.audodeskgenericutility.BaseClass">
    <ignored/>
  </testcase> <!-- @BeforeSuite beforeSuite -->
  <testcase name="@AfterSuite afterSuite" time="0.0" classname="com.crm.audodeskgenericutility.BaseClass">
    <ignored/>
  </testcase> <!-- @AfterSuite afterSuite -->
  <testcase name="@BeforeTest beforeTest" time="0.0" classname="com.crm.audodeskgenericutility.BaseClass">
    <ignored/>
  </testcase> <!-- @BeforeTest beforeTest -->
</testsuite> <!-- Test runner-4 -->
