<?xml version="1.0" encoding="UTF-8"?>
<testng-results skipped="0" failed="0" ignored="0" total="1" passed="1">
  <reporter-output>
  </reporter-output>
  <suite name="Default suite" duration-ms="65" started-at="2022-03-28T16:02:56 IST" finished-at="2022-03-28T16:02:56 IST">
    <groups>
    </groups>
    <test name="Default test" duration-ms="65" started-at="2022-03-28T16:02:56 IST" finished-at="2022-03-28T16:02:56 IST">
      <class name="practice.DataDrivenFromTestNgXMLTest">
        <test-method status="PASS" signature="getCredentialData(org.testng.xml.XmlTest)[pri:0, instance:practice.DataDrivenFromTestNgXMLTest@631330c]" name="getCredentialData" duration-ms="13" started-at="2022-03-28T16:02:56 IST" finished-at="2022-03-28T16:02:56 IST">
          <params>
            <param index="0">
              <value>
                <![CDATA[org.testng.xml.XmlTest@5818909b]]>
              </value>
            </param>
          </params>
          <reporter-output>
          </reporter-output>
        </test-method> <!-- getCredentialData -->
      </class> <!-- practice.DataDrivenFromTestNgXMLTest -->
    </test> <!-- Default test -->
  </suite> <!-- Default suite -->
</testng-results>
